2025-11-06 23:01:07 [INFO] Total available samples: 36
2025-11-06 23:01:07 [INFO] Sample IDs: A1, A2, A3, A4, A5, A6, B1, B2, B3, B4, B5, B6, C1, C2, C3, C4, C5, C6, D1, D2, D3, D4, D5, D6, E1, E2, E3, F1, F2, F3, G1, G2, G3, H1, H2, H3
2025-11-06 23:01:07 [INFO] Samples selected for exploration: A1, A2, B1
2025-11-06 23:01:07 [INFO] ================================================================================
2025-11-06 23:01:07 [INFO] Exploring sample: A1
2025-11-06 23:01:07 [INFO] ================================================================================
2025-11-06 23:01:07 [INFO] Expression matrix shape: 346 spots × 15045 genes
2025-11-06 23:01:07 [INFO] Spot file shape: 348 entries | Columns: ['x', 'y', 'new_x', 'new_y', 'pixel_x', 'pixel_y', 'selected']
2025-11-06 23:01:07 [INFO] Spots in expression file: 346
2025-11-06 23:01:07 [INFO] Spots in coordinate file: 348
2025-11-06 23:01:07 [INFO] Matching spots: 346
2025-11-06 23:01:07 [INFO] Missing spots: 0
2025-11-06 23:01:07 [INFO] All expression spots found in spot file.
2025-11-06 23:01:07 [INFO] Example matched entries:
2025-11-06 23:01:07 [INFO] 
    x   y  new_x   new_y  pixel_x  pixel_y  selected
0  10  13  9.852  12.991  1923.65  2622.15         1
1  10  14  9.866  14.007  1926.69  2844.32         1
2  10  15  9.876  14.992  1928.87  3059.72         1
3  10  16  9.868  15.996  1927.13  3279.27         1
4  10  17  9.841  16.999  1921.26  3498.60         1
2025-11-06 23:01:07 [INFO] ================================================================================
2025-11-06 23:01:07 [INFO] Exploring sample: A2
2025-11-06 23:01:07 [INFO] ================================================================================
2025-11-06 23:01:08 [INFO] Expression matrix shape: 325 spots × 15526 genes
2025-11-06 23:01:08 [INFO] Spot file shape: 325 entries | Columns: ['x', 'y', 'new_x', 'new_y', 'pixel_x', 'pixel_y', 'selected']
2025-11-06 23:01:08 [INFO] Spots in expression file: 325
2025-11-06 23:01:08 [INFO] Spots in coordinate file: 325
2025-11-06 23:01:08 [INFO] Matching spots: 325
2025-11-06 23:01:08 [INFO] Missing spots: 0
2025-11-06 23:01:08 [INFO] All expression spots found in spot file.
2025-11-06 23:01:08 [INFO] Example matched entries:
2025-11-06 23:01:08 [INFO] 
    x   y  new_x   new_y  pixel_x  pixel_y  selected
0  10  15  9.850  14.978  1926.53  3059.13         1
1  10  16  9.898  15.961  1936.98  3274.26         1
2  10  17  9.887  16.971  1934.59  3495.30         1
3  10  18  9.854  17.978  1927.41  3715.69         1
4  10  19  9.867  18.984  1930.24  3935.85         1
2025-11-06 23:01:08 [INFO] ================================================================================
2025-11-06 23:01:08 [INFO] Exploring sample: B1
2025-11-06 23:01:08 [INFO] ================================================================================
2025-11-06 23:01:08 [INFO] Expression matrix shape: 295 spots × 15109 genes
2025-11-06 23:01:08 [INFO] Spot file shape: 295 entries | Columns: ['x', 'y', 'new_x', 'new_y', 'pixel_x', 'pixel_y', 'selected']
2025-11-06 23:01:08 [INFO] Spots in expression file: 295
2025-11-06 23:01:08 [INFO] Spots in coordinate file: 295
2025-11-06 23:01:08 [INFO] Matching spots: 295
2025-11-06 23:01:08 [INFO] Missing spots: 0
2025-11-06 23:01:08 [INFO] All expression spots found in spot file.
2025-11-06 23:01:08 [INFO] Example matched entries:
2025-11-06 23:01:08 [INFO] 
    x   y  new_x   new_y  pixel_x  pixel_y  selected
0  10  13  9.892  12.984  2573.12  3493.69         1
1  10  14  9.846  14.001  2559.81  3790.17         1
2  10  15  9.896  14.978  2574.28  4075.00         1
3  10  16  9.901  16.001  2575.73  4373.23         1
4  10  17  9.946  16.999  2588.75  4664.18         1
2025-11-06 23:01:08 [INFO] ================================================================================
2025-11-06 23:01:08 [INFO]  Exploration complete for all selected samples.
2025-11-06 23:01:08 [INFO] ================================================================================
